2019-06-30 18:29:45.111  INFO 8620 --- [main] com.hltec.web.MySpringBootApplication    : Starting MySpringBootApplication on dzzlk-PC with PID 8620 (E:\dzzlk\eclipse-workspace\MySpringBoot\target\classes started by dzzlk in E:\dzzlk\eclipse-workspace\MySpringBoot)
2019-06-30 18:29:45.117 DEBUG 8620 --- [main] com.hltec.web.MySpringBootApplication    : Running with Spring Boot v2.1.6.RELEASE, Spring v5.1.8.RELEASE
2019-06-30 18:29:45.119  INFO 8620 --- [main] com.hltec.web.MySpringBootApplication    : No active profile set, falling back to default profiles: default
2019-06-30 18:29:46.780  INFO 8620 --- [main] o.s.b.w.embedded.tomcat.TomcatWebServer  : Tomcat initialized with port(s): 8081 (http)
2019-06-30 18:29:46.824  INFO 8620 --- [main] o.apache.catalina.core.StandardService   : Starting service [Tomcat]
2019-06-30 18:29:46.827  INFO 8620 --- [main] org.apache.catalina.core.StandardEngine  : Starting Servlet engine: [Apache Tomcat/9.0.21]
2019-06-30 18:29:47.044  INFO 8620 --- [main] o.a.c.c.C.[Tomcat].[localhost].[/]       : Initializing Spring embedded WebApplicationContext
2019-06-30 18:29:47.071  INFO 8620 --- [main] o.s.web.context.ContextLoader            : Root WebApplicationContext: initialization completed in 1864 ms
2019-06-30 18:29:47.452  INFO 8620 --- [main] o.s.s.concurrent.ThreadPoolTaskExecutor  : Initializing ExecutorService 'applicationTaskExecutor'
2019-06-30 18:29:47.768  INFO 8620 --- [main] o.s.b.w.embedded.tomcat.TomcatWebServer  : Tomcat started on port(s): 8081 (http) with context path ''
2019-06-30 18:29:47.775  INFO 8620 --- [main] com.hltec.web.MySpringBootApplication    : Started MySpringBootApplication in 3.579 seconds (JVM running for 4.919)
2019-06-30 18:30:08.462  INFO 8620 --- [http-nio-8081-exec-2] o.a.c.c.C.[Tomcat].[localhost].[/]       : Initializing Spring DispatcherServlet 'dispatcherServlet'
2019-06-30 18:30:08.462  INFO 8620 --- [http-nio-8081-exec-2] o.s.web.servlet.DispatcherServlet        : Initializing Servlet 'dispatcherServlet'
2019-06-30 18:30:08.476  INFO 8620 --- [http-nio-8081-exec-2] o.s.web.servlet.DispatcherServlet        : Completed initialization in 14 ms
2019-06-30 18:30:08.518 TRACE 8620 --- [http-nio-8081-exec-2] com.hltec.web.controller.DemoController  : 这是trace日志… …
2019-06-30 18:30:08.518 DEBUG 8620 --- [http-nio-8081-exec-2] com.hltec.web.controller.DemoController  : 这是debug日志… …
2019-06-30 18:30:08.519  INFO 8620 --- [http-nio-8081-exec-2] com.hltec.web.controller.DemoController  : 这是info日志… …
2019-06-30 18:30:08.523  WARN 8620 --- [http-nio-8081-exec-2] com.hltec.web.controller.DemoController  : 这是warn日志… …
2019-06-30 18:30:08.524 ERROR 8620 --- [http-nio-8081-exec-2] com.hltec.web.controller.DemoController  : 这是error日志… …
2019-06-30 18:30:10.252 TRACE 8620 --- [http-nio-8081-exec-1] com.hltec.web.controller.DemoController  : 这是trace日志… …
2019-06-30 18:30:10.252 DEBUG 8620 --- [http-nio-8081-exec-1] com.hltec.web.controller.DemoController  : 这是debug日志… …
2019-06-30 18:30:10.253  INFO 8620 --- [http-nio-8081-exec-1] com.hltec.web.controller.DemoController  : 这是info日志… …
2019-06-30 18:30:10.255  WARN 8620 --- [http-nio-8081-exec-1] com.hltec.web.controller.DemoController  : 这是warn日志… …
2019-06-30 18:30:10.255 ERROR 8620 --- [http-nio-8081-exec-1] com.hltec.web.controller.DemoController  : 这是error日志… …
2019-06-30 18:30:11.725 TRACE 8620 --- [http-nio-8081-exec-5] com.hltec.web.controller.DemoController  : 这是trace日志… …
2019-06-30 18:30:11.726 DEBUG 8620 --- [http-nio-8081-exec-5] com.hltec.web.controller.DemoController  : 这是debug日志… …
2019-06-30 18:30:11.727  INFO 8620 --- [http-nio-8081-exec-5] com.hltec.web.controller.DemoController  : 这是info日志… …
2019-06-30 18:30:11.727  WARN 8620 --- [http-nio-8081-exec-5] com.hltec.web.controller.DemoController  : 这是warn日志… …
2019-06-30 18:30:11.727 ERROR 8620 --- [http-nio-8081-exec-5] com.hltec.web.controller.DemoController  : 这是error日志… …
2019-06-30 18:39:54.040  INFO 8620 --- [RMI TCP Connection(2)-127.0.0.1] inMXBeanRegistrar$SpringApplicationAdmin : Application shutdown requested.
2019-06-30 18:39:54.045  INFO 8620 --- [RMI TCP Connection(2)-127.0.0.1] o.s.s.concurrent.ThreadPoolTaskExecutor  : Shutting down ExecutorService 'applicationTaskExecutor'
